<?xml version="1.0" encoding="UTF-8"?>
<testng-results ignored="0" total="1" passed="1" failed="0" skipped="0">
  <reporter-output>
  </reporter-output>
  <suite started-at="2023-08-14T15:24:21 IST" name="Suite" finished-at="2023-08-14T15:24:59 IST" duration-ms="38519">
    <groups>
    </groups>
    <test started-at="2023-08-14T15:24:21 IST" name="Test" finished-at="2023-08-14T15:24:59 IST" duration-ms="38519">
      <class name="demopackage.democlass">
        <test-method signature="testclass()[pri:0, instance:demopackage.democlass@130161f7]" started-at="2023-08-14T15:24:21 IST" name="testclass" finished-at="2023-08-14T15:24:59 IST" duration-ms="38485" status="PASS">
          <reporter-output>
          </reporter-output>
        </test-method> <!-- testclass -->
      </class> <!-- demopackage.democlass -->
    </test> <!-- Test -->
  </suite> <!-- Suite -->
</testng-results>
